{'sensor': 'ultraviolet', 'timestamp': '270617204945.000', 'data': {'oms_risk': 'Low', 'uv_index': 0.7376171350479126}}
{'sensor': 'ultraviolet', 'timestamp': '270617204947.000', 'data': {'oms_risk': 'Low', 'uv_index': 0.7443105578422546}}
{'sensor': 'humidity', 'timestamp': '270617204948.000', 'data': {'humidity': 76.50982666015625}}
{'sensor': 'pressure_temperature', 'timestamp': '270617204948.000', 'data': {'temperature': 29.625, 'altitude': 252.75, 'pressure': 98315.75}}
{'sensor': 'ultraviolet', 'timestamp': '270617204949.000', 'data': {'oms_risk': 'Low', 'uv_index': 0.763052225112915}}
{'sensor': 'ultraviolet', 'timestamp': '270617204950.000', 'data': {'oms_risk': 'Low', 'uv_index': 0.7402945160865784}}
{'sensor': 'ultraviolet', 'timestamp': '270617204953.000', 'data': {'oms_risk': 'Low', 'uv_index': 0.7309237122535706}}
{'sensor': 'humidity', 'timestamp': '270617204953.000', 'data': {'humidity': 76.53355407714844}}
{'sensor': 'pressure_temperature', 'timestamp': '270617204953.000', 'data': {'temperature': 29.875, 'altitude': 253.75, 'pressure': 98317}}
{'sensor': 'ultraviolet', 'timestamp': '270617204955.000', 'data': {'oms_risk': 'Low', 'uv_index': 0.7135207653045654}}
{'sensor': 'ultraviolet', 'timestamp': '270617204957.000', 'data': {'oms_risk': 'Low', 'uv_index': 0.7510039806365967}}
{'sensor': 'humidity', 'timestamp': '270617204958.000', 'data': {'humidity': 76.85465240478516}}
{'sensor': 'pressure_temperature', 'timestamp': '270617204958.000', 'data': {'temperature': 30.0625, 'altitude': 253.625, 'pressure': 98312.5}}
{'sensor': 'ultraviolet', 'timestamp': '270617204959.000', 'data': {'oms_risk': 'Low', 'uv_index': 0.7858098745346069}}
{'sensor': 'ultraviolet', 'timestamp': '270617205000.000', 'data': {'oms_risk': 'Low', 'uv_index': 0.752342700958252}}
{'sensor': 'ultraviolet', 'timestamp': '270617205003.000', 'data': {'oms_risk': 'Low', 'uv_index': 0.7362784147262573}}
{'sensor': 'humidity', 'timestamp': '270617205003.000', 'data': {'humidity': 76.45050048828125}}
{'sensor': 'pressure_temperature', 'timestamp': '270617205003.000', 'data': {'temperature': 30.25, 'altitude': 253.1875, 'pressure': 98317}}
{'sensor': 'ultraviolet', 'timestamp': '270617205005.000', 'data': {'oms_risk': 'Low', 'uv_index': 0.7443105578422546}}
{'sensor': 'ultraviolet', 'timestamp': '270617205007.000', 'data': {'oms_risk': 'Low', 'uv_index': 0.834002673625946}}
{'sensor': 'humidity', 'timestamp': '270617205008.000', 'data': {'humidity': 77.20318603515625}}
{'sensor': 'pressure_temperature', 'timestamp': '270617205008.000', 'data': {'temperature': 30.4375, 'altitude': 254.5625, 'pressure': 98306.25}}
{'sensor': 'ultraviolet', 'timestamp': '270617205009.000', 'data': {'oms_risk': 'Low', 'uv_index': 0.8313252925872803}}
{'sensor': 'ultraviolet', 'timestamp': '270617205010.000', 'data': {'oms_risk': 'Low', 'uv_index': 0.7362784147262573}}
{'sensor': 'ultraviolet', 'timestamp': '270617205013.000', 'data': {'oms_risk': 'Low', 'uv_index': 0.7402945160865784}}
{'sensor': 'humidity', 'timestamp': '270617205013.000', 'data': {'humidity': 76.48757934570312}}
{'sensor': 'pressure_temperature', 'timestamp': '270617205013.000', 'data': {'temperature': 30.625, 'altitude': 254.3125, 'pressure': 98309.75}}
{'sensor': 'ultraviolet', 'timestamp': '270617205015.000', 'data': {'oms_risk': 'Low', 'uv_index': 0.7817938327789307}}
{'sensor': 'ultraviolet', 'timestamp': '270617205017.000', 'data': {'oms_risk': 'Low', 'uv_index': 0.8032128214836121}}
{'sensor': 'humidity', 'timestamp': '270617205018.000', 'data': {'humidity': 77.21356964111328}}
{'sensor': 'pressure_temperature', 'timestamp': '270617205018.000', 'data': {'temperature': 30.8125, 'altitude': 254.875, 'pressure': 98299.75}}
{'sensor': 'ultraviolet', 'timestamp': '270617205019.000', 'data': {'oms_risk': 'Low', 'uv_index': 0.8139223456382751}}
{'sensor': 'ultraviolet', 'timestamp': '270617205020.000', 'data': {'oms_risk': 'Low', 'uv_index': 0.8286479115486145}}
{'sensor': 'ultraviolet', 'timestamp': '270617205023.000', 'data': {'oms_risk': 'Low', 'uv_index': 0.823293149471283}}
{'sensor': 'humidity', 'timestamp': '270617205023.000', 'data': {'humidity': 77.15943908691406}}
{'sensor': 'pressure_temperature', 'timestamp': '270617205023.000', 'data': {'temperature': 30.9375, 'altitude': 255.625, 'pressure': 98294.5}}
{'sensor': 'ultraviolet', 'timestamp': '270617205025.000', 'data': {'oms_risk': 'Low', 'uv_index': 0.8219544887542725}}
{'sensor': 'ultraviolet', 'timestamp': '270617205027.000', 'data': {'oms_risk': 'Low', 'uv_index': 0.7737616896629333}}
{'sensor': 'humidity', 'timestamp': '270617205028.000', 'data': {'humidity': 76.8909912109375}}
{'sensor': 'pressure_temperature', 'timestamp': '270617205028.000', 'data': {'temperature': 31.125, 'altitude': 254.5625, 'pressure': 98299}}
{'sensor': 'ultraviolet', 'timestamp': '270617205029.000', 'data': {'oms_risk': 'Low', 'uv_index': 0.7510039806365967}}
{'sensor': 'ultraviolet', 'timestamp': '270617205030.000', 'data': {'oms_risk': 'Low', 'uv_index': 0.7510039806365967}}
{'sensor': 'ultraviolet', 'timestamp': '270617205033.000', 'data': {'oms_risk': 'Low', 'uv_index': 0.7349397540092468}}
{'sensor': 'humidity', 'timestamp': '270617205033.000', 'data': {'humidity': 76.8909912109375}}
{'sensor': 'pressure_temperature', 'timestamp': '270617205033.000', 'data': {'temperature': 31.25, 'altitude': 255.1875, 'pressure': 98297.75}}
{'sensor': 'ultraviolet', 'timestamp': '270617205035.000', 'data': {'oms_risk': 'Low', 'uv_index': 0.7469879388809204}}
{'sensor': 'ultraviolet', 'timestamp': '270617205037.000', 'data': {'oms_risk': 'Low', 'uv_index': 0.7443105578422546}}
{'sensor': 'humidity', 'timestamp': '270617205038.000', 'data': {'humidity': 76.9881362915039}}
{'sensor': 'pressure_temperature', 'timestamp': '270617205038.000', 'data': {'temperature': 31.4375, 'altitude': 255.4375, 'pressure': 98301.25}}
{'sensor': 'ultraviolet', 'timestamp': '270617205039.000', 'data': {'oms_risk': 'Low', 'uv_index': 0.7242302298545837}}
{'sensor': 'ultraviolet', 'timestamp': '270617205040.000', 'data': {'oms_risk': 'Low', 'uv_index': 0.7416331768035889}}
{'sensor': 'ultraviolet', 'timestamp': '270617205043.000', 'data': {'oms_risk': 'Low', 'uv_index': 0.7161981463432312}}
{'sensor': 'humidity', 'timestamp': '270617205043.000', 'data': {'humidity': 76.79977416992188}}
{'sensor': 'pressure_temperature', 'timestamp': '270617205043.000', 'data': {'temperature': 31.625, 'altitude': 254.5625, 'pressure': 98303.25}}
{'sensor': 'ultraviolet', 'timestamp': '270617205045.000', 'data': {'oms_risk': 'Low', 'uv_index': 0.7081660032272339}}
{'sensor': 'ultraviolet', 'timestamp': '270617205047.000', 'data': {'oms_risk': 'Low', 'uv_index': 0.7135207653045654}}
{'sensor': 'humidity', 'timestamp': '270617205048.000', 'data': {'humidity': 76.77159881591797}}
{'sensor': 'pressure_temperature', 'timestamp': '270617205048.000', 'data': {'temperature': 31.75, 'altitude': 254.3125, 'pressure': 98306.5}}
{'sensor': 'ultraviolet', 'timestamp': '270617205049.000', 'data': {'oms_risk': 'Low', 'uv_index': 0.7228915691375732}}
{'sensor': 'ultraviolet', 'timestamp': '270617205050.000', 'data': {'oms_risk': 'Low', 'uv_index': 0.7617135047912598}}
{'sensor': 'ultraviolet', 'timestamp': '270617205053.000', 'data': {'oms_risk': 'Low', 'uv_index': 0.7764390707015991}}
{'sensor': 'humidity', 'timestamp': '270617205053.000', 'data': {'humidity': 77.03855895996094}}
{'sensor': 'pressure_temperature', 'timestamp': '270617205053.000', 'data': {'temperature': 31.9375, 'altitude': 255.1875, 'pressure': 98296.25}}
{'sensor': 'ultraviolet', 'timestamp': '270617205054.000', 'data': {'oms_risk': 'Low', 'uv_index': 0.7777777910232544}}
{'sensor': 'ultraviolet', 'timestamp': '270617205056.000', 'data': {'oms_risk': 'Low', 'uv_index': 0.7751004099845886}}
{'sensor': 'humidity', 'timestamp': '270617205057.000', 'data': {'humidity': 77.01631164550781}}
{'sensor': 'pressure_temperature', 'timestamp': '270617205057.000', 'data': {'temperature': 32.0625, 'altitude': 256, 'pressure': 98288.5}}
{'sensor': 'ultraviolet', 'timestamp': '270617205058.000', 'data': {'oms_risk': 'Low', 'uv_index': 0.7724230289459229}}
{'sensor': 'ultraviolet', 'timestamp': '270617205100.000', 'data': {'oms_risk': 'Low', 'uv_index': 0.7697456479072571}}
{'sensor': 'ultraviolet', 'timestamp': '270617205102.000', 'data': {'oms_risk': 'Low', 'uv_index': 0.7697456479072571}}
{'sensor': 'humidity', 'timestamp': '270617205102.000', 'data': {'humidity': 77.07044982910156}}
{'sensor': 'pressure_temperature', 'timestamp': '270617205102.000', 'data': {'temperature': 32.25, 'altitude': 256, 'pressure': 98287.25}}
{'sensor': 'ultraviolet', 'timestamp': '270617205104.000', 'data': {'oms_risk': 'Low', 'uv_index': 0.7751004099845886}}
{'sensor': 'ultraviolet', 'timestamp': '270617205106.000', 'data': {'oms_risk': 'Low', 'uv_index': 0.7550200819969177}}
{'sensor': 'humidity', 'timestamp': '270617205107.000', 'data': {'humidity': 77.039306640625}}
{'sensor': 'pressure_temperature', 'timestamp': '270617205107.000', 'data': {'temperature': 32.375, 'altitude': 255.75, 'pressure': 98287.5}}
{'sensor': 'ultraviolet', 'timestamp': '270617205108.000', 'data': {'oms_risk': 'Low', 'uv_index': 0.7402945160865784}}
{'sensor': 'ultraviolet', 'timestamp': '270617205110.000', 'data': {'oms_risk': 'Low', 'uv_index': 0.694779098033905}}
{'sensor': 'ultraviolet', 'timestamp': '270617205112.000', 'data': {'oms_risk': 'Low', 'uv_index': 0.6733601093292236}}
{'sensor': 'humidity', 'timestamp': '270617205112.000', 'data': {'humidity': 76.66703796386719}}
{'sensor': 'pressure_temperature', 'timestamp': '270617205112.000', 'data': {'temperature': 32.5, 'altitude': 255.375, 'pressure': 98296.75}}
{'sensor': 'ultraviolet', 'timestamp': '270617205114.000', 'data': {'oms_risk': 'Low', 'uv_index': 0.6693440079689026}}
{'sensor': 'ultraviolet', 'timestamp': '270617205116.000', 'data': {'oms_risk': 'Low', 'uv_index': 0.6666666865348816}}
{'sensor': 'humidity', 'timestamp': '270617205117.000', 'data': {'humidity': 76.67222595214844}}
{'sensor': 'pressure_temperature', 'timestamp': '270617205117.000', 'data': {'temperature': 32.5625, 'altitude': 255.1875, 'pressure': 98298.25}}
{'sensor': 'ultraviolet', 'timestamp': '270617205118.000', 'data': {'oms_risk': 'Low', 'uv_index': 0.6840696334838867}}
{'sensor': 'ultraviolet', 'timestamp': '270617205120.000', 'data': {'oms_risk': 'Low', 'uv_index': 0.6827309131622314}}
{'sensor': 'ultraviolet', 'timestamp': '270617205122.000', 'data': {'oms_risk': 'Low', 'uv_index': 0.6827309131622314}}
{'sensor': 'humidity', 'timestamp': '270617205122.000', 'data': {'humidity': 76.73303985595703}}
{'sensor': 'pressure_temperature', 'timestamp': '270617205122.000', 'data': {'temperature': 32.625, 'altitude': 254.8125, 'pressure': 98299.5}}
{'sensor': 'ultraviolet', 'timestamp': '270617205124.000', 'data': {'oms_risk': 'Low', 'uv_index': 0.6800535321235657}}
{'sensor': 'ultraviolet', 'timestamp': '270617205126.000', 'data': {'oms_risk': 'Low', 'uv_index': 0.694779098033905}}
{'sensor': 'humidity', 'timestamp': '270617205127.000', 'data': {'humidity': 76.75602722167969}}
{'sensor': 'pressure_temperature', 'timestamp': '270617205127.000', 'data': {'temperature': 32.8125, 'altitude': 254.4375, 'pressure': 98300.75}}
{'sensor': 'ultraviolet', 'timestamp': '270617205128.000', 'data': {'oms_risk': 'Low', 'uv_index': 0.7496653199195862}}
{'sensor': 'ultraviolet', 'timestamp': '270617205130.000', 'data': {'oms_risk': 'Low', 'uv_index': 0.7657296061515808}}
{'sensor': 'ultraviolet', 'timestamp': '270617205132.000', 'data': {'oms_risk': 'Low', 'uv_index': 0.7349397540092468}}
{'sensor': 'humidity', 'timestamp': '270617205132.000', 'data': {'humidity': 77.20689392089844}}
{'sensor': 'pressure_temperature', 'timestamp': '270617205132.000', 'data': {'temperature': 32.875, 'altitude': 254.5, 'pressure': 98306.75}}
{'sensor': 'ultraviolet', 'timestamp': '270617205134.000', 'data': {'oms_risk': 'Low', 'uv_index': 0.969210147857666}}
{'sensor': 'ultraviolet', 'timestamp': '270617205136.000', 'data': {'oms_risk': 'Low', 'uv_index': 0.8621151447296143}}
{'sensor': 'humidity', 'timestamp': '270617205137.000', 'data': {'humidity': 29.514646530151367}}
{'sensor': 'pressure_temperature', 'timestamp': '270617205137.000', 'data': {'temperature': 33.0625, 'altitude': 255.1875, 'pressure': 98280.75}}
{'sensor': 'ultraviolet', 'timestamp': '270617205138.000', 'data': {'oms_risk': 'Low', 'uv_index': 1.0763052701950073}}
{'sensor': 'ultraviolet', 'timestamp': '270617205140.000', 'data': {'oms_risk': 'Low', 'uv_index': 0.79651939868927}}
{'sensor': 'ultraviolet', 'timestamp': '270617205142.000', 'data': {'oms_risk': 'Low', 'uv_index': 0.8099063038825989}}
{'sensor': 'humidity', 'timestamp': '270617205142.000', 'data': {'humidity': 77.56359100341797}}
{'sensor': 'pressure_temperature', 'timestamp': '270617205142.000', 'data': {'temperature': 33.25, 'altitude': 255.0625, 'pressure': 98290.5}}
{'sensor': 'ultraviolet', 'timestamp': '270617205144.000', 'data': {'oms_risk': 'Low', 'uv_index': 0.8313252925872803}}
{'sensor': 'ultraviolet', 'timestamp': '270617205146.000', 'data': {'oms_risk': 'Low', 'uv_index': 0.8808567523956299}}
{'sensor': 'humidity', 'timestamp': '270617205147.000', 'data': {'humidity': 77.1008529663086}}
{'sensor': 'pressure_temperature', 'timestamp': '270617205147.000', 'data': {'temperature': 33.3125, 'altitude': 256.5, 'pressure': 98279.25}}
{'sensor': 'ultraviolet', 'timestamp': '270617205148.000', 'data': {'oms_risk': 'Low', 'uv_index': 0.9571619629859924}}
{'sensor': 'ultraviolet', 'timestamp': '270617205150.000', 'data': {'oms_risk': 'Low', 'uv_index': 0.9344042539596558}}
{'sensor': 'ultraviolet', 'timestamp': '270617205152.000', 'data': {'oms_risk': 'Low', 'uv_index': 0.9089692234992981}}
{'sensor': 'humidity', 'timestamp': '270617205152.000', 'data': {'humidity': 29.43233299255371}}
{'sensor': 'pressure_temperature', 'timestamp': '270617205152.000', 'data': {'temperature': 33.375, 'altitude': 257, 'pressure': 98278}}
{'sensor': 'ultraviolet', 'timestamp': '270617205154.000', 'data': {'oms_risk': 'Low', 'uv_index': 0.86479252576828}}
{'sensor': 'ultraviolet', 'timestamp': '270617205157.000', 'data': {'oms_risk': 'Low', 'uv_index': 0.8179383873939514}}
{'sensor': 'humidity', 'timestamp': '270617205158.000', 'data': {'humidity': 30.239154815673828}}
{'sensor': 'pressure_temperature', 'timestamp': '270617205158.000', 'data': {'temperature': 33.4375, 'altitude': 257.5625, 'pressure': 98267.25}}
{'sensor': 'ultraviolet', 'timestamp': '270617205159.000', 'data': {'oms_risk': 'Low', 'uv_index': 0.7911646366119385}}
{'sensor': 'ultraviolet', 'timestamp': '270617205200.000', 'data': {'oms_risk': 'Low', 'uv_index': 0.8165997266769409}}
{'sensor': 'ultraviolet', 'timestamp': '270617205203.000', 'data': {'oms_risk': 'Low', 'uv_index': 0.6760374903678894}}
{'sensor': 'humidity', 'timestamp': '270617205203.000', 'data': {'humidity': 30.826473236083984}}
{'sensor': 'pressure_temperature', 'timestamp': '270617205203.000', 'data': {'temperature': 33.5625, 'altitude': 257.5625, 'pressure': 98274.75}}
{'sensor': 'ultraviolet', 'timestamp': '270617205205.000', 'data': {'oms_risk': 'Low', 'uv_index': 0.6425702571868896}}
{'sensor': 'ultraviolet', 'timestamp': '270617205207.000', 'data': {'oms_risk': 'Low', 'uv_index': 0.9585006833076477}}
{'sensor': 'humidity', 'timestamp': '270617205208.000', 'data': {'humidity': 30.043380737304688}}
{'sensor': 'pressure_temperature', 'timestamp': '270617205208.000', 'data': {'temperature': 33.625, 'altitude': 258.8125, 'pressure': 98260}}
{'sensor': 'ultraviolet', 'timestamp': '270617205209.000', 'data': {'oms_risk': 'Low', 'uv_index': 0.7148594260215759}}
{'sensor': 'ultraviolet', 'timestamp': '270617205210.000', 'data': {'oms_risk': 'Low', 'uv_index': 0.6331994533538818}}
{'sensor': 'ultraviolet', 'timestamp': '270617205212.000', 'data': {'oms_risk': 'Low', 'uv_index': 0.6452476382255554}}
{'sensor': 'humidity', 'timestamp': '270617205212.000', 'data': {'humidity': 29.83500099182129}}
{'sensor': 'pressure_temperature', 'timestamp': '270617205212.000', 'data': {'temperature': 33.75, 'altitude': 258.625, 'pressure': 98261.5}}
{'sensor': 'ultraviolet', 'timestamp': '270617205214.000', 'data': {'oms_risk': 'Low', 'uv_index': 0.7014725804328918}}
{'sensor': 'ultraviolet', 'timestamp': '270617205216.000', 'data': {'oms_risk': 'Low', 'uv_index': 0.7108433842658997}}
{'sensor': 'humidity', 'timestamp': '270617205217.000', 'data': {'humidity': 30.217649459838867}}
{'sensor': 'pressure_temperature', 'timestamp': '270617205217.000', 'data': {'temperature': 33.8125, 'altitude': 261.1875, 'pressure': 98224.75}}
{'sensor': 'ultraviolet', 'timestamp': '270617205218.000', 'data': {'oms_risk': 'Low', 'uv_index': 0.7496653199195862}}
{'sensor': 'ultraviolet', 'timestamp': '270617205220.000', 'data': {'oms_risk': 'Low', 'uv_index': 0.7576974630355835}}
{'sensor': 'ultraviolet', 'timestamp': '270617205222.000', 'data': {'oms_risk': 'Low', 'uv_index': 0.8728246092796326}}
{'sensor': 'humidity', 'timestamp': '270617205222.000', 'data': {'humidity': 31.01483154296875}}
{'sensor': 'pressure_temperature', 'timestamp': '270617205222.000', 'data': {'temperature': 33.875, 'altitude': 262.25, 'pressure': 98219.5}}
{'sensor': 'ultraviolet', 'timestamp': '270617205224.000', 'data': {'oms_risk': 'Low', 'uv_index': 1.298527479171753}}
{'sensor': 'ultraviolet', 'timestamp': '270617205224.000', 'data': {'oms_risk': 'Low', 'uv_index': 0.6398928761482239}}
{'sensor': 'humidity', 'timestamp': '270617205224.000', 'data': {'humidity': 31.190582275390625}}
{'sensor': 'pressure_temperature', 'timestamp': '270617205224.000', 'data': {'temperature': 33.9375, 'altitude': 262, 'pressure': 98209.75}}
{'sensor': 'ultraviolet', 'timestamp': '270617205224.000', 'data': {'oms_risk': 'Low', 'uv_index': 0.8393574357032776}}
{'sensor': 'ultraviolet', 'timestamp': '270617205224.000', 'data': {'oms_risk': 'Low', 'uv_index': 0.8594377636909485}}
{'sensor': 'ultraviolet', 'timestamp': '270617205224.000', 'data': {'oms_risk': 'Low', 'uv_index': 0.8447121977806091}}
{'sensor': 'humidity', 'timestamp': '270617205224.000', 'data': {'humidity': 31.530960083007812}}
{'sensor': 'pressure_temperature', 'timestamp': '270617205224.000', 'data': {'temperature': 34.0625, 'altitude': 262.25, 'pressure': 98216.5}}
{'sensor': 'ultraviolet', 'timestamp': '270617205224.000', 'data': {'oms_risk': 'Low', 'uv_index': 0.8433734774589539}}
{'sensor': 'ultraviolet', 'timestamp': '270617205224.000', 'data': {'oms_risk': 'Low', 'uv_index': 0.5716198086738586}}
{'sensor': 'humidity', 'timestamp': '270617205224.000', 'data': {'humidity': 30.97627067565918}}
{'sensor': 'pressure_temperature', 'timestamp': '270617205224.000', 'data': {'temperature': 34.125, 'altitude': 259.8125, 'pressure': 98233.25}}
{'sensor': 'ultraviolet', 'timestamp': '270617205224.000', 'data': {'oms_risk': 'Low', 'uv_index': 0.6010709404945374}}
{'sensor': 'ultraviolet', 'timestamp': '270617205224.000', 'data': {'oms_risk': 'High', 'uv_index': 6.860776424407959}}
{'sensor': 'ultraviolet', 'timestamp': '270617205224.000', 'data': {'oms_risk': 'High', 'uv_index': 6.512717247009277}}
{'sensor': 'humidity', 'timestamp': '270617205224.000', 'data': {'humidity': 52.658138275146484}}
{'sensor': 'pressure_temperature', 'timestamp': '270617205224.000', 'data': {'temperature': 34.625, 'altitude': 251.375, 'pressure': 98323.75}}
{'sensor': 'ultraviolet', 'timestamp': '270617205224.000', 'data': {'oms_risk': 'High', 'uv_index': 6.3842034339904785}}
{'sensor': 'ultraviolet', 'timestamp': '270617205224.000', 'data': {'oms_risk': 'High', 'uv_index': 6.224899768829346}}
{'sensor': 'humidity', 'timestamp': '270617205224.000', 'data': {'humidity': 52.66703796386719}}
{'sensor': 'pressure_temperature', 'timestamp': '270617205224.000', 'data': {'temperature': 35.25, 'altitude': 253.75, 'pressure': 98318}}
{'sensor': 'ultraviolet', 'timestamp': '270617205224.000', 'data': {'oms_risk': 'High', 'uv_index': 6.419009208679199}}
{'sensor': 'ultraviolet', 'timestamp': '270617205224.000', 'data': {'oms_risk': 'High', 'uv_index': 6.160642623901367}}
{'sensor': 'ultraviolet', 'timestamp': '270617205224.000', 'data': {'oms_risk': 'High', 'uv_index': 6.068273067474365}}
{'sensor': 'humidity', 'timestamp': '270617205224.000', 'data': {'humidity': 52.57063293457031}}
{'sensor': 'pressure_temperature', 'timestamp': '270617205224.000', 'data': {'temperature': 35.6875, 'altitude': 254.3125, 'pressure': 98305}}
{'sensor': 'ultraviolet', 'timestamp': '270617205224.000', 'data': {'oms_risk': 'Low', 'uv_index': 0.34672021865844727}}
{'sensor': 'ultraviolet', 'timestamp': '270617205224.000', 'data': {'oms_risk': 'Low', 'uv_index': 0.4551539421081543}}
{'sensor': 'humidity', 'timestamp': '270617205224.000', 'data': {'humidity': 31.08305549621582}}
{'sensor': 'pressure_temperature', 'timestamp': '270617205224.000', 'data': {'temperature': 35.4375, 'altitude': 258.0625, 'pressure': 98264.5}}
{'sensor': 'ultraviolet', 'timestamp': '270617205224.000', 'data': {'oms_risk': 'Low', 'uv_index': 1.216867446899414}}
{'sensor': 'ultraviolet', 'timestamp': '270617205224.000', 'data': {'oms_risk': 'Moderate', 'uv_index': 5.927711009979248}}
{'sensor': 'ultraviolet', 'timestamp': '270617205224.000', 'data': {'oms_risk': 'Moderate', 'uv_index': 5.824631690979004}}
{'sensor': 'humidity', 'timestamp': '270617205224.000', 'data': {'humidity': 52.651466369628906}}
{'sensor': 'pressure_temperature', 'timestamp': '270617205224.000', 'data': {'temperature': 35.9375, 'altitude': 251.625, 'pressure': 98311.75}}
{'sensor': 'ultraviolet', 'timestamp': '270617205224.000', 'data': {'oms_risk': 'Low', 'uv_index': 0.6586345434188843}}
{'sensor': 'ultraviolet', 'timestamp': '270617205224.000', 'data': {'oms_risk': 'Moderate', 'uv_index': 5.3427042961120605}}
{'sensor': 'humidity', 'timestamp': '270617205224.000', 'data': {'humidity': 52.656654357910156}}
{'sensor': 'pressure_temperature', 'timestamp': '270617205224.000', 'data': {'temperature': 36.0625, 'altitude': 248.375, 'pressure': 98381.25}}
{'sensor': 'ultraviolet', 'timestamp': '270617205224.000', 'data': {'oms_risk': 'High', 'uv_index': 6.2904953956604}}
{'sensor': 'ultraviolet', 'timestamp': '270617205224.000', 'data': {'oms_risk': 'High', 'uv_index': 6.262382984161377}}
{'sensor': 'ultraviolet', 'timestamp': '270617205224.000', 'data': {'oms_risk': 'Moderate', 'uv_index': 5.8741631507873535}}
{'sensor': 'humidity', 'timestamp': '270617205224.000', 'data': {'humidity': 52.63144302368164}}
{'sensor': 'pressure_temperature', 'timestamp': '270617205224.000', 'data': {'temperature': 36.4375, 'altitude': 250.0625, 'pressure': 98353}}
{'sensor': 'ultraviolet', 'timestamp': '270617205224.000', 'data': {'oms_risk': 'High', 'uv_index': 6.2650604248046875}}
{'sensor': 'ultraviolet', 'timestamp': '270617205224.000', 'data': {'oms_risk': 'Moderate', 'uv_index': 4.208835124969482}}
{'sensor': 'humidity', 'timestamp': '270617205224.000', 'data': {'humidity': 52.62254333496094}}
{'sensor': 'pressure_temperature', 'timestamp': '270617205224.000', 'data': {'temperature': 36.6875, 'altitude': 250.875, 'pressure': 98363.75}}
{'sensor': 'ultraviolet', 'timestamp': '270617205224.000', 'data': {'oms_risk': 'High', 'uv_index': 6.291833877563477}}
{'sensor': 'ultraviolet', 'timestamp': '270617205224.000', 'data': {'oms_risk': 'Moderate', 'uv_index': 5.629183292388916}}
{'sensor': 'ultraviolet', 'timestamp': '270617205224.000', 'data': {'oms_risk': 'Low', 'uv_index': 0.5354752540588379}}
{'sensor': 'humidity', 'timestamp': '270617205224.000', 'data': {'humidity': 52.62031936645508}}
{'sensor': 'pressure_temperature', 'timestamp': '270617205224.000', 'data': {'temperature': 36.9375, 'altitude': 252.8125, 'pressure': 98336.75}}
{'sensor': 'ultraviolet', 'timestamp': '270617205224.000', 'data': {'oms_risk': 'Low', 'uv_index': 0.3935742974281311}}
{'sensor': 'ultraviolet', 'timestamp': '270617205224.000', 'data': {'oms_risk': 'Low', 'uv_index': 0.2610441744327545}}
{'sensor': 'humidity', 'timestamp': '270617205224.000', 'data': {'humidity': 77.2358169555664}}
{'sensor': 'pressure_temperature', 'timestamp': '270617205224.000', 'data': {'temperature': 36.4375, 'altitude': 250.0625, 'pressure': 98351.5}}
{'sensor': 'ultraviolet', 'timestamp': '270617205224.000', 'data': {'oms_risk': 'Low', 'uv_index': 0.27576974034309387}}
{'sensor': 'ultraviolet', 'timestamp': '270617205224.000', 'data': {'oms_risk': 'Low', 'uv_index': 0.3319946527481079}}
{'sensor': 'ultraviolet', 'timestamp': '270617205224.000', 'data': {'oms_risk': 'Low', 'uv_index': 0.43775099515914917}}
{'sensor': 'humidity', 'timestamp': '270617205224.000', 'data': {'humidity': 77.43010711669922}}
{'sensor': 'pressure_temperature', 'timestamp': '270617205224.000', 'data': {'temperature': 36.25, 'altitude': 249.1875, 'pressure': 98365.5}}
{'sensor': 'ultraviolet', 'timestamp': '270617205224.000', 'data': {'oms_risk': 'Low', 'uv_index': 0.34805890917778015}}
{'sensor': 'ultraviolet', 'timestamp': '270617205224.000', 'data': {'oms_risk': 'Low', 'uv_index': 1.2663989067077637}}
{'sensor': 'humidity', 'timestamp': '270617205224.000', 'data': {'humidity': 30.31256866455078}}
{'sensor': 'pressure_temperature', 'timestamp': '270617205224.000', 'data': {'temperature': 36.125, 'altitude': 251.25, 'pressure': 98344.25}}
{'sensor': 'ultraviolet', 'timestamp': '270617205224.000', 'data': {'oms_risk': 'Low', 'uv_index': 0.6131191253662109}}
{'sensor': 'ultraviolet', 'timestamp': '270617205224.000', 'data': {'oms_risk': 'Low', 'uv_index': 1.6854082345962524}}
{'sensor': 'ultraviolet', 'timestamp': '270617205224.000', 'data': {'oms_risk': 'Moderate', 'uv_index': 5.109772205352783}}
{'sensor': 'humidity', 'timestamp': '270617205224.000', 'data': {'humidity': 52.16499710083008}}
{'sensor': 'pressure_temperature', 'timestamp': '270617205224.000', 'data': {'temperature': 36.4375, 'altitude': 254.6875, 'pressure': 98277.25}}
{'sensor': 'ultraviolet', 'timestamp': '270617205224.000', 'data': {'oms_risk': 'Moderate', 'uv_index': 4.472557067871094}}
{'sensor': 'ultraviolet', 'timestamp': '270617205224.000', 'data': {'oms_risk': 'Moderate', 'uv_index': 4.307898044586182}}
{'sensor': 'humidity', 'timestamp': '270617205224.000', 'data': {'humidity': 43.96329116821289}}
{'sensor': 'pressure_temperature', 'timestamp': '270617205224.000', 'data': {'temperature': 36.3125, 'altitude': 255.8125, 'pressure': 98290.25}}
{'sensor': 'ultraviolet', 'timestamp': '270617205224.000', 'data': {'oms_risk': 'Low', 'uv_index': 1.6613118648529053}}
{'sensor': 'ultraviolet', 'timestamp': '270617205224.000', 'data': {'oms_risk': 'Moderate', 'uv_index': 3.674698829650879}}
{'sensor': 'ultraviolet', 'timestamp': '270617205224.000', 'data': {'oms_risk': 'Moderate', 'uv_index': 3.959839344024658}}
{'sensor': 'humidity', 'timestamp': '270617205224.000', 'data': {'humidity': 44.50611877441406}}
{'sensor': 'pressure_temperature', 'timestamp': '270617205224.000', 'data': {'temperature': 36.25, 'altitude': 255.8125, 'pressure': 98283.75}}
{'sensor': 'ultraviolet', 'timestamp': '270617205224.000', 'data': {'oms_risk': 'Low', 'uv_index': 2.809906244277954}}
{'sensor': 'ultraviolet', 'timestamp': '270617205224.000', 'data': {'oms_risk': 'Low', 'uv_index': 0.40829986333847046}}
{'sensor': 'humidity', 'timestamp': '270617205224.000', 'data': {'humidity': 77.57322692871094}}
{'sensor': 'pressure_temperature', 'timestamp': '270617205224.000', 'data': {'temperature': 36.1875, 'altitude': 257, 'pressure': 98277.5}}
{'sensor': 'ultraviolet', 'timestamp': '270617205224.000', 'data': {'oms_risk': 'Low', 'uv_index': 0.36680054664611816}}
{'sensor': 'ultraviolet', 'timestamp': '270617205224.000', 'data': {'oms_risk': 'Low', 'uv_index': 0.20481927692890167}}
{'sensor': 'ultraviolet', 'timestamp': '270617205224.000', 'data': {'oms_risk': 'Low', 'uv_index': 0.3226238191127777}}
{'sensor': 'humidity', 'timestamp': '270617205224.000', 'data': {'humidity': 77.36336517333984}}
{'sensor': 'pressure_temperature', 'timestamp': '270617205224.000', 'data': {'temperature': 36.125, 'altitude': 257.4375, 'pressure': 98270.25}}
{'sensor': 'ultraviolet', 'timestamp': '270617205224.000', 'data': {'oms_risk': 'Low', 'uv_index': 0.3748326599597931}}
{'sensor': 'ultraviolet', 'timestamp': '270617205224.000', 'data': {'oms_risk': 'Low', 'uv_index': 0.413654625415802}}
{'sensor': 'humidity', 'timestamp': '270617205224.000', 'data': {'humidity': 77.45458221435547}}
{'sensor': 'pressure_temperature', 'timestamp': '270617205224.000', 'data': {'temperature': 36, 'altitude': 257.5625, 'pressure': 98262.75}}
{'sensor': 'ultraviolet', 'timestamp': '270617205224.000', 'data': {'oms_risk': 'Low', 'uv_index': 0.5595716238021851}}
{'sensor': 'ultraviolet', 'timestamp': '270617205224.000', 'data': {'oms_risk': 'Low', 'uv_index': 0.5568942427635193}}
{'sensor': 'ultraviolet', 'timestamp': '270617205224.000', 'data': {'oms_risk': 'Low', 'uv_index': 0.7228915691375732}}
{'sensor': 'humidity', 'timestamp': '270617205224.000', 'data': {'humidity': 77.50574493408203}}
{'sensor': 'pressure_temperature', 'timestamp': '270617205224.000', 'data': {'temperature': 35.875, 'altitude': 256.75, 'pressure': 98284.75}}
{'sensor': 'ultraviolet', 'timestamp': '270617205224.000', 'data': {'oms_risk': 'Low', 'uv_index': 0.7563587427139282}}
{'sensor': 'ultraviolet', 'timestamp': '270617205224.000', 'data': {'oms_risk': 'Low', 'uv_index': 0.7764390707015991}}
{'sensor': 'humidity', 'timestamp': '270617205224.000', 'data': {'humidity': 77.51612854003906}}
{'sensor': 'pressure_temperature', 'timestamp': '270617205224.000', 'data': {'temperature': 35.875, 'altitude': 256.3125, 'pressure': 98284.25}}
{'sensor': 'ultraviolet', 'timestamp': '270617205224.000', 'data': {'oms_risk': 'Low', 'uv_index': 0.8018741607666016}}
{'sensor': 'ultraviolet', 'timestamp': '270617205224.000', 'data': {'oms_risk': 'Low', 'uv_index': 0.8032128214836121}}
{'sensor': 'ultraviolet', 'timestamp': '270617205224.000', 'data': {'oms_risk': 'Low', 'uv_index': 0.7858098745346069}}
{'sensor': 'humidity', 'timestamp': '270617205224.000', 'data': {'humidity': 77.5724868774414}}
{'sensor': 'pressure_temperature', 'timestamp': '270617205224.000', 'data': {'temperature': 35.8125, 'altitude': 256.125, 'pressure': 98289.75}}
{'sensor': 'ultraviolet', 'timestamp': '270617205224.000', 'data': {'oms_risk': 'Low', 'uv_index': 0.7884872555732727}}
{'sensor': 'ultraviolet', 'timestamp': '270617205224.000', 'data': {'oms_risk': 'Low', 'uv_index': 0.8299866318702698}}
{'sensor': 'humidity', 'timestamp': '270617205224.000', 'data': {'humidity': 29.134963989257812}}
{'sensor': 'pressure_temperature', 'timestamp': '270617205224.000', 'data': {'temperature': 35.375, 'altitude': 257.3125, 'pressure': 98272.5}}
{'sensor': 'ultraviolet', 'timestamp': '270617205224.000', 'data': {'oms_risk': 'Low', 'uv_index': 0.7764390707015991}}
{'sensor': 'ultraviolet', 'timestamp': '270617205224.000', 'data': {'oms_risk': 'Low', 'uv_index': 0.6787148714065552}}
{'sensor': 'ultraviolet', 'timestamp': '270617205224.000', 'data': {'oms_risk': 'Low', 'uv_index': 0.7817938327789307}}
{'sensor': 'humidity', 'timestamp': '270617205224.000', 'data': {'humidity': 29.357433319091797}}
{'sensor': 'pressure_temperature', 'timestamp': '270617205224.000', 'data': {'temperature': 35.4375, 'altitude': 257.75, 'pressure': 98265.75}}
{'sensor': 'ultraviolet', 'timestamp': '270617205224.000', 'data': {'oms_risk': 'Moderate', 'uv_index': 4.890227317810059}}
{'sensor': 'ultraviolet', 'timestamp': '270617205224.000', 'data': {'oms_risk': 'Moderate', 'uv_index': 5.199464321136475}}
{'sensor': 'humidity', 'timestamp': '270617205224.000', 'data': {'humidity': 50.383758544921875}}
{'sensor': 'pressure_temperature', 'timestamp': '270617205224.000', 'data': {'temperature': 35.9375, 'altitude': 263.125, 'pressure': 98213.25}}
{'sensor': 'ultraviolet', 'timestamp': '270617205224.000', 'data': {'oms_risk': 'Low', 'uv_index': 0.7402945160865784}}
{'sensor': 'ultraviolet', 'timestamp': '270617205224.000', 'data': {'oms_risk': 'Low', 'uv_index': 0.721552848815918}}
{'sensor': 'ultraviolet', 'timestamp': '270617205224.000', 'data': {'oms_risk': 'Low', 'uv_index': 0.5274431109428406}}
{'sensor': 'humidity', 'timestamp': '270617205224.000', 'data': {'humidity': 29.746755599975586}}
{'sensor': 'pressure_temperature', 'timestamp': '270617205224.000', 'data': {'temperature': 35.625, 'altitude': 258.75, 'pressure': 98249.25}}
{'sensor': 'ultraviolet', 'timestamp': '270617205224.000', 'data': {'oms_risk': 'Low', 'uv_index': 1.4672021865844727}}
{'sensor': 'ultraviolet', 'timestamp': '270617205224.000', 'data': {'oms_risk': 'Low', 'uv_index': 0.7871485948562622}}
{'sensor': 'humidity', 'timestamp': '270617205224.000', 'data': {'humidity': 30.794586181640625}}
{'sensor': 'pressure_temperature', 'timestamp': '270617205224.000', 'data': {'temperature': 35.6875, 'altitude': 261.9375, 'pressure': 98199.5}}
{'sensor': 'ultraviolet', 'timestamp': '270617205224.000', 'data': {'oms_risk': 'Low', 'uv_index': 0.6532797813415527}}
{'sensor': 'ultraviolet', 'timestamp': '270617205224.000', 'data': {'oms_risk': 'Low', 'uv_index': 1.3962516784667969}}
{'sensor': 'ultraviolet', 'timestamp': '270617205224.000', 'data': {'oms_risk': 'Moderate', 'uv_index': 5.192770957946777}}
{'sensor': 'humidity', 'timestamp': '270617205224.000', 'data': {'humidity': 31.097145080566406}}
{'sensor': 'pressure_temperature', 'timestamp': '270617205224.000', 'data': {'temperature': 35.8125, 'altitude': 267.4375, 'pressure': 98183}}
{'sensor': 'ultraviolet', 'timestamp': '270617205224.000', 'data': {'oms_risk': 'Low', 'uv_index': 0.5381526350975037}}
{'sensor': 'ultraviolet', 'timestamp': '270617205224.000', 'data': {'oms_risk': 'Moderate', 'uv_index': 5.13386869430542}}
{'sensor': 'humidity', 'timestamp': '270617205224.000', 'data': {'humidity': 45.94327163696289}}
{'sensor': 'pressure_temperature', 'timestamp': '270617205224.000', 'data': {'temperature': 35.9375, 'altitude': 262.375, 'pressure': 98209.5}}
{'sensor': 'ultraviolet', 'timestamp': '270617205224.000', 'data': {'oms_risk': 'Moderate', 'uv_index': 5.5649261474609375}}
{'sensor': 'ultraviolet', 'timestamp': '270617205224.000', 'data': {'oms_risk': 'Moderate', 'uv_index': 5.338687896728516}}
{'sensor': 'ultraviolet', 'timestamp': '270617205224.000', 'data': {'oms_risk': 'Moderate', 'uv_index': 3.082998752593994}}
{'sensor': 'humidity', 'timestamp': '270617205224.000', 'data': {'humidity': 50.57137680053711}}
{'sensor': 'pressure_temperature', 'timestamp': '270617205224.000', 'data': {'temperature': 36.25, 'altitude': 261.25, 'pressure': 98216.5}}
{'sensor': 'ultraviolet', 'timestamp': '270617205224.000', 'data': {'oms_risk': 'Moderate', 'uv_index': 5.716197967529297}}
{'sensor': 'ultraviolet', 'timestamp': '270617205224.000', 'data': {'oms_risk': 'Moderate', 'uv_index': 5.390896797180176}}
{'sensor': 'humidity', 'timestamp': '270617205224.000', 'data': {'humidity': 50.125694274902344}}
{'sensor': 'pressure_temperature', 'timestamp': '270617205224.000', 'data': {'temperature': 36.6875, 'altitude': 261.5, 'pressure': 98213.5}}
{'sensor': 'ultraviolet', 'timestamp': '270617205224.000', 'data': {'oms_risk': 'High', 'uv_index': 6.038821697235107}}
{'sensor': 'ultraviolet', 'timestamp': '270617205224.000', 'data': {'oms_risk': 'Moderate', 'uv_index': 5.5649261474609375}}
{'sensor': 'ultraviolet', 'timestamp': '270617205224.000', 'data': {'oms_risk': 'Moderate', 'uv_index': 5.568942546844482}}
{'sensor': 'humidity', 'timestamp': '270617205224.000', 'data': {'humidity': 49.61030960083008}}
{'sensor': 'pressure_temperature', 'timestamp': '270617205224.000', 'data': {'temperature': 37, 'altitude': 258.5625, 'pressure': 98221.25}}
{'sensor': 'ultraviolet', 'timestamp': '270617205224.000', 'data': {'oms_risk': 'Moderate', 'uv_index': 5.190093517303467}}
{'sensor': 'ultraviolet', 'timestamp': '270617205224.000', 'data': {'oms_risk': 'Moderate', 'uv_index': 5.842034816741943}}
{'sensor': 'humidity', 'timestamp': '270617205224.000', 'data': {'humidity': 48.67741775512695}}
{'sensor': 'pressure_temperature', 'timestamp': '270617205224.000', 'data': {'temperature': 37.125, 'altitude': 260.4375, 'pressure': 98237.25}}
{'sensor': 'ultraviolet', 'timestamp': '270617205224.000', 'data': {'oms_risk': 'Moderate', 'uv_index': 5.781793594360352}}
{'sensor': 'ultraviolet', 'timestamp': '270617205224.000', 'data': {'oms_risk': 'Low', 'uv_index': 2.45917010307312}}
{'sensor': 'ultraviolet', 'timestamp': '270617205224.000', 'data': {'oms_risk': 'High', 'uv_index': 6.144578456878662}}
{'sensor': 'humidity', 'timestamp': '270617205224.000', 'data': {'humidity': 50.98887634277344}}
{'sensor': 'pressure_temperature', 'timestamp': '270617205224.000', 'data': {'temperature': 37.25, 'altitude': 258.6875, 'pressure': 98255.25}}
{'sensor': 'ultraviolet', 'timestamp': '270617205224.000', 'data': {'oms_risk': 'High', 'uv_index': 6.0294508934021}}
{'sensor': 'ultraviolet', 'timestamp': '270617205224.000', 'data': {'oms_risk': 'High', 'uv_index': 6.069611549377441}}
{'sensor': 'humidity', 'timestamp': '270617205224.000', 'data': {'humidity': 50.0307731628418}}
{'sensor': 'pressure_temperature', 'timestamp': '270617205224.000', 'data': {'temperature': 37.5, 'altitude': 258.0625, 'pressure': 98257.5}}
{'sensor': 'ultraviolet', 'timestamp': '270617205224.000', 'data': {'oms_risk': 'Moderate', 'uv_index': 5.641231536865234}}
{'sensor': 'ultraviolet', 'timestamp': '270617205224.000', 'data': {'oms_risk': 'Moderate', 'uv_index': 5.838018894195557}}
{'sensor': 'ultraviolet', 'timestamp': '270617205224.000', 'data': {'oms_risk': 'Moderate', 'uv_index': 5.708166122436523}}
{'sensor': 'humidity', 'timestamp': '270617205224.000', 'data': {'humidity': 50.65739822387695}}
{'sensor': 'pressure_temperature', 'timestamp': '270617205224.000', 'data': {'temperature': 37.8125, 'altitude': 255.5, 'pressure': 98287.75}}
{'sensor': 'ultraviolet', 'timestamp': '270617205224.000', 'data': {'oms_risk': 'Moderate', 'uv_index': 5.622489929199219}}
{'sensor': 'ultraviolet', 'timestamp': '270617205224.000', 'data': {'oms_risk': 'Moderate', 'uv_index': 5.44176721572876}}
{'sensor': 'humidity', 'timestamp': '270617205224.000', 'data': {'humidity': 50.06637191772461}}
{'sensor': 'pressure_temperature', 'timestamp': '270617205224.000', 'data': {'temperature': 37.875, 'altitude': 255.625, 'pressure': 98278.25}}
{'sensor': 'ultraviolet', 'timestamp': '270617205224.000', 'data': {'oms_risk': 'Moderate', 'uv_index': 5.037483215332031}}
{'sensor': 'ultraviolet', 'timestamp': '270617205224.000', 'data': {'oms_risk': 'High', 'uv_index': 6.157965183258057}}
{'sensor': 'ultraviolet', 'timestamp': '270617205224.000', 'data': {'oms_risk': 'High', 'uv_index': 6.459169864654541}}
{'sensor': 'humidity', 'timestamp': '270617205224.000', 'data': {'humidity': 50.72265625}}
{'sensor': 'pressure_temperature', 'timestamp': '270617205224.000', 'data': {'temperature': 38.25, 'altitude': 250, 'pressure': 98358}}
{'sensor': 'ultraviolet', 'timestamp': '270617205224.000', 'data': {'oms_risk': 'High', 'uv_index': 6.4564924240112305}}
{'sensor': 'ultraviolet', 'timestamp': '270617205224.000', 'data': {'oms_risk': 'High', 'uv_index': 6.37215518951416}}
{'sensor': 'humidity', 'timestamp': '270617205224.000', 'data': {'humidity': 50.750091552734375}}
{'sensor': 'pressure_temperature', 'timestamp': '270617205224.000', 'data': {'temperature': 38.4375, 'altitude': 249.8125, 'pressure': 98357.25}}
{'sensor': 'ultraviolet', 'timestamp': '270617205224.000', 'data': {'oms_risk': 'High', 'uv_index': 6.3199462890625}}
{'sensor': 'ultraviolet', 'timestamp': '270617205224.000', 'data': {'oms_risk': 'High', 'uv_index': 6.297188758850098}}
{'sensor': 'ultraviolet', 'timestamp': '270617205224.000', 'data': {'oms_risk': 'High', 'uv_index': 6.364123344421387}}
{'sensor': 'humidity', 'timestamp': '270617205224.000', 'data': {'humidity': 50.745643615722656}}
{'sensor': 'pressure_temperature', 'timestamp': '270617205224.000', 'data': {'temperature': 38.625, 'altitude': 250.8125, 'pressure': 98343.5}}
{'sensor': 'ultraviolet', 'timestamp': '270617205224.000', 'data': {'oms_risk': 'High', 'uv_index': 6.350736141204834}}
{'sensor': 'ultraviolet', 'timestamp': '270617205224.000', 'data': {'oms_risk': 'High', 'uv_index': 6.188755035400391}}
{'sensor': 'humidity', 'timestamp': '270617205224.000', 'data': {'humidity': 50.8902473449707}}
{'sensor': 'pressure_temperature', 'timestamp': '270617205224.000', 'data': {'temperature': 38.8125, 'altitude': 253.3125, 'pressure': 98319}}
{'sensor': 'ultraviolet', 'timestamp': '270617205224.000', 'data': {'oms_risk': 'High', 'uv_index': 6.053547382354736}}
{'sensor': 'ultraviolet', 'timestamp': '270617205224.000', 'data': {'oms_risk': 'Moderate', 'uv_index': 5.975903511047363}}
{'sensor': 'ultraviolet', 'timestamp': '270617205224.000', 'data': {'oms_risk': 'High', 'uv_index': 6.046854019165039}}
{'sensor': 'humidity', 'timestamp': '270617205224.000', 'data': {'humidity': 51.559139251708984}}
{'sensor': 'pressure_temperature', 'timestamp': '270617205224.000', 'data': {'temperature': 38.875, 'altitude': 253.625, 'pressure': 98313.75}}
{'sensor': 'ultraviolet', 'timestamp': '270617205224.000', 'data': {'oms_risk': 'High', 'uv_index': 6.037483215332031}}
{'sensor': 'ultraviolet', 'timestamp': '270617205224.000', 'data': {'oms_risk': 'High', 'uv_index': 6.175368309020996}}
{'sensor': 'humidity', 'timestamp': '270617205224.000', 'data': {'humidity': 51.354469299316406}}
{'sensor': 'pressure_temperature', 'timestamp': '270617205224.000', 'data': {'temperature': 39.0625, 'altitude': 251.75, 'pressure': 98337.25}}
{'sensor': 'ultraviolet', 'timestamp': '270617205224.000', 'data': {'oms_risk': 'High', 'uv_index': 6.3734941482543945}}
{'sensor': 'ultraviolet', 'timestamp': '270617205224.000', 'data': {'oms_risk': 'High', 'uv_index': 6.285140514373779}}
{'sensor': 'ultraviolet', 'timestamp': '270617205224.000', 'data': {'oms_risk': 'Moderate', 'uv_index': 5.354752063751221}}
{'sensor': 'humidity', 'timestamp': '270617205224.000', 'data': {'humidity': 49.99369812011719}}
{'sensor': 'pressure_temperature', 'timestamp': '270617205224.000', 'data': {'temperature': 39.3125, 'altitude': 255, 'pressure': 98324.5}}
{'sensor': 'ultraviolet', 'timestamp': '270617205224.000', 'data': {'oms_risk': 'Moderate', 'uv_index': 5.91566276550293}}
{'sensor': 'ultraviolet', 'timestamp': '270617205224.000', 'data': {'oms_risk': 'Moderate', 'uv_index': 5.37215518951416}}
{'sensor': 'humidity', 'timestamp': '270617205224.000', 'data': {'humidity': 50.60771179199219}}
{'sensor': 'pressure_temperature', 'timestamp': '270617205224.000', 'data': {'temperature': 39.5, 'altitude': 251.625, 'pressure': 98356.75}}
{'sensor': 'ultraviolet', 'timestamp': '270617205224.000', 'data': {'oms_risk': 'High', 'uv_index': 6.028112411499023}}
{'sensor': 'ultraviolet', 'timestamp': '270617205224.000', 'data': {'oms_risk': 'Moderate', 'uv_index': 5.957161903381348}}
{'sensor': 'ultraviolet', 'timestamp': '270617205224.000', 'data': {'oms_risk': 'Moderate', 'uv_index': 5.962516784667969}}
{'sensor': 'humidity', 'timestamp': '270617205224.000', 'data': {'humidity': 50.57063293457031}}
{'sensor': 'pressure_temperature', 'timestamp': '270617205224.000', 'data': {'temperature': 39.6875, 'altitude': 249.25, 'pressure': 98364}}
{'sensor': 'ultraviolet', 'timestamp': '270617205224.000', 'data': {'oms_risk': 'Moderate', 'uv_index': 5.995984077453613}}
{'sensor': 'ultraviolet', 'timestamp': '270617205224.000', 'data': {'oms_risk': 'High', 'uv_index': 6.014725685119629}}
{'sensor': 'humidity', 'timestamp': '270617205224.000', 'data': {'humidity': 50.58546447753906}}
{'sensor': 'pressure_temperature', 'timestamp': '270617205224.000', 'data': {'temperature': 39.9375, 'altitude': 247.3125, 'pressure': 98384.25}}
{'sensor': 'ultraviolet', 'timestamp': '270617205224.000', 'data': {'oms_risk': 'High', 'uv_index': 6.062918186187744}}
{'sensor': 'ultraviolet', 'timestamp': '270617205224.000', 'data': {'oms_risk': 'Moderate', 'uv_index': 5.91566276550293}}
{'sensor': 'ultraviolet', 'timestamp': '270617205224.000', 'data': {'oms_risk': 'Moderate', 'uv_index': 5.416331768035889}}
{'sensor': 'humidity', 'timestamp': '270617205224.000', 'data': {'humidity': 50.36521911621094}}
{'sensor': 'pressure_temperature', 'timestamp': '270617205224.000', 'data': {'temperature': 40.0625, 'altitude': 246.125, 'pressure': 98394.5}}
{'sensor': 'ultraviolet', 'timestamp': '270617205224.000', 'data': {'oms_risk': 'Moderate', 'uv_index': 5.987951755523682}}
{'sensor': 'ultraviolet', 'timestamp': '270617205224.000', 'data': {'oms_risk': 'High', 'uv_index': 6.345381259918213}}
{'sensor': 'humidity', 'timestamp': '270617205224.000', 'data': {'humidity': 51.77493667602539}}
{'sensor': 'pressure_temperature', 'timestamp': '270617205224.000', 'data': {'temperature': 40.3125, 'altitude': 242.0625, 'pressure': 98454.25}}
{'sensor': 'ultraviolet', 'timestamp': '270617205224.000', 'data': {'oms_risk': 'High', 'uv_index': 6.3373494148254395}}
{'sensor': 'ultraviolet', 'timestamp': '270617205224.000', 'data': {'oms_risk': 'High', 'uv_index': 6.366800308227539}}
{'sensor': 'ultraviolet', 'timestamp': '270617205224.000', 'data': {'oms_risk': 'High', 'uv_index': 6.3065595626831055}}
{'sensor': 'humidity', 'timestamp': '270617205224.000', 'data': {'humidity': 52.14349365234375}}
{'sensor': 'pressure_temperature', 'timestamp': '270617205224.000', 'data': {'temperature': 40.5, 'altitude': 240.625, 'pressure': 98467}}
{'sensor': 'ultraviolet', 'timestamp': '270617205224.000', 'data': {'oms_risk': 'High', 'uv_index': 6.072288990020752}}
{'sensor': 'ultraviolet', 'timestamp': '270617205224.000', 'data': {'oms_risk': 'Low', 'uv_index': 1.4484604597091675}}
{'sensor': 'humidity', 'timestamp': '270617205224.000', 'data': {'humidity': 31.064516067504883}}
{'sensor': 'pressure_temperature', 'timestamp': '270617205224.000', 'data': {'temperature': 39.9375, 'altitude': 242.6875, 'pressure': 98429}}
{'sensor': 'ultraviolet', 'timestamp': '270617205224.000', 'data': {'oms_risk': 'Moderate', 'uv_index': 5.643908977508545}}
{'sensor': 'ultraviolet', 'timestamp': '270617205224.000', 'data': {'oms_risk': 'High', 'uv_index': 6.28781795501709}}
{'sensor': 'ultraviolet', 'timestamp': '270617205224.000', 'data': {'oms_risk': 'Moderate', 'uv_index': 5.713520526885986}}
{'sensor': 'humidity', 'timestamp': '270617205224.000', 'data': {'humidity': 52.52539825439453}}
{'sensor': 'pressure_temperature', 'timestamp': '270617205224.000', 'data': {'temperature': 39.875, 'altitude': 240.8125, 'pressure': 98398.5}}
{'sensor': 'ultraviolet', 'timestamp': '270617205224.000', 'data': {'oms_risk': 'Low', 'uv_index': 2.3989291191101074}}
{'sensor': 'ultraviolet', 'timestamp': '270617205224.000', 'data': {'oms_risk': 'High', 'uv_index': 6.061579704284668}}
{'sensor': 'humidity', 'timestamp': '270617205224.000', 'data': {'humidity': 50.9911003112793}}
{'sensor': 'pressure_temperature', 'timestamp': '270617205224.000', 'data': {'temperature': 39.6875, 'altitude': 246.4375, 'pressure': 98410.5}}
{'sensor': 'ultraviolet', 'timestamp': '270617205224.000', 'data': {'oms_risk': 'Moderate', 'uv_index': 5.983935832977295}}
{'sensor': 'ultraviolet', 'timestamp': '270617205224.000', 'data': {'oms_risk': 'High', 'uv_index': 6.207496643066406}}
{'sensor': 'ultraviolet', 'timestamp': '270617205224.000', 'data': {'oms_risk': 'Moderate', 'uv_index': 5.751003742218018}}
{'sensor': 'humidity', 'timestamp': '270617205224.000', 'data': {'humidity': 50.747127532958984}}
{'sensor': 'pressure_temperature', 'timestamp': '270617205224.000', 'data': {'temperature': 39.8125, 'altitude': 245.375, 'pressure': 98380.5}}
{'sensor': 'ultraviolet', 'timestamp': '270617205224.000', 'data': {'oms_risk': 'High', 'uv_index': 6.042838096618652}}
{'sensor': 'ultraviolet', 'timestamp': '270617205224.000', 'data': {'oms_risk': 'High', 'uv_index': 6.410977363586426}}
{'sensor': 'humidity', 'timestamp': '270617205224.000', 'data': {'humidity': 50.945125579833984}}
{'sensor': 'pressure_temperature', 'timestamp': '270617205224.000', 'data': {'temperature': 40.125, 'altitude': 241.125, 'pressure': 98478}}
{'sensor': 'ultraviolet', 'timestamp': '270617205224.000', 'data': {'oms_risk': 'High', 'uv_index': 6.0642571449279785}}
{'sensor': 'ultraviolet', 'timestamp': '270617205224.000', 'data': {'oms_risk': 'Moderate', 'uv_index': 5.080321311950684}}
{'sensor': 'ultraviolet', 'timestamp': '270617205224.000', 'data': {'oms_risk': 'Moderate', 'uv_index': 5.995984077453613}}
{'sensor': 'humidity', 'timestamp': '270617205224.000', 'data': {'humidity': 52.00556182861328}}
{'sensor': 'pressure_temperature', 'timestamp': '270617205224.000', 'data': {'temperature': 40.3125, 'altitude': 242.875, 'pressure': 98435.75}}
{'sensor': 'ultraviolet', 'timestamp': '270617205224.000', 'data': {'oms_risk': 'Moderate', 'uv_index': 5.756358623504639}}
{'sensor': 'ultraviolet', 'timestamp': '270617205224.000', 'data': {'oms_risk': 'Moderate', 'uv_index': 5.923694610595703}}
{'sensor': 'humidity', 'timestamp': '270617205224.000', 'data': {'humidity': 51.188358306884766}}
{'sensor': 'pressure_temperature', 'timestamp': '270617205224.000', 'data': {'temperature': 40.375, 'altitude': 241.5, 'pressure': 98455.25}}
{'sensor': 'ultraviolet', 'timestamp': '270617205224.000', 'data': {'oms_risk': 'Moderate', 'uv_index': 5.532797813415527}}
{'sensor': 'ultraviolet', 'timestamp': '270617205224.000', 'data': {'oms_risk': 'Moderate', 'uv_index': 5.6626505851745605}}
{'sensor': 'ultraviolet', 'timestamp': '270617205224.000', 'data': {'oms_risk': 'Moderate', 'uv_index': 5.776439189910889}}
{'sensor': 'humidity', 'timestamp': '270617205224.000', 'data': {'humidity': 51.23136901855469}}
{'sensor': 'pressure_temperature', 'timestamp': '270617205224.000', 'data': {'temperature': 40.3125, 'altitude': 243.125, 'pressure': 98445.25}}
{'sensor': 'ultraviolet', 'timestamp': '270617205224.000', 'data': {'oms_risk': 'Moderate', 'uv_index': 5.776439189910889}}
{'sensor': 'ultraviolet', 'timestamp': '270617205224.000', 'data': {'oms_risk': 'Moderate', 'uv_index': 5.882195472717285}}
{'sensor': 'humidity', 'timestamp': '270617205224.000', 'data': {'humidity': 50.839080810546875}}
{'sensor': 'pressure_temperature', 'timestamp': '270617205224.000', 'data': {'temperature': 40.3125, 'altitude': 237.8125, 'pressure': 98473.75}}
{'sensor': 'ultraviolet', 'timestamp': '270617205224.000', 'data': {'oms_risk': 'Moderate', 'uv_index': 5.52610445022583}}
{'sensor': 'ultraviolet', 'timestamp': '270617205224.000', 'data': {'oms_risk': 'Low', 'uv_index': 2.875501871109009}}
{'sensor': 'ultraviolet', 'timestamp': '270617205224.000', 'data': {'oms_risk': 'Moderate', 'uv_index': 5.8326640129089355}}
{'sensor': 'humidity', 'timestamp': '270617205224.000', 'data': {'humidity': 33.05339431762695}}
{'sensor': 'pressure_temperature', 'timestamp': '270617205224.000', 'data': {'temperature': 40.1875, 'altitude': 237.3125, 'pressure': 98505}}
{'sensor': 'ultraviolet', 'timestamp': '270617205224.000', 'data': {'oms_risk': 'Moderate', 'uv_index': 5.6934404373168945}}
{'sensor': 'ultraviolet', 'timestamp': '270617205224.000', 'data': {'oms_risk': 'Moderate', 'uv_index': 5.567603588104248}}
{'sensor': 'humidity', 'timestamp': '270617205224.000', 'data': {'humidity': 50.12273025512695}}
{'sensor': 'pressure_temperature', 'timestamp': '270617205224.000', 'data': {'temperature': 40.1875, 'altitude': 237.5625, 'pressure': 98510}}
{'sensor': 'ultraviolet', 'timestamp': '270617205224.000', 'data': {'oms_risk': 'Moderate', 'uv_index': 5.361445903778076}}
{'sensor': 'ultraviolet', 'timestamp': '270617205224.000', 'data': {'oms_risk': 'Moderate', 'uv_index': 5.736278533935547}}
{'sensor': 'ultraviolet', 'timestamp': '270617205224.000', 'data': {'oms_risk': 'Moderate', 'uv_index': 4.89825963973999}}
{'sensor': 'humidity', 'timestamp': '270617205224.000', 'data': {'humidity': 50.48016357421875}}
{'sensor': 'pressure_temperature', 'timestamp': '270617205224.000', 'data': {'temperature': 40.0625, 'altitude': 227.0625, 'pressure': 98684.5}}
{'sensor': 'ultraviolet', 'timestamp': '270617205224.000', 'data': {'oms_risk': 'High', 'uv_index': 6.669343948364258}}
{'sensor': 'ultraviolet', 'timestamp': '270617205224.000', 'data': {'oms_risk': 'High', 'uv_index': 7.44176721572876}}
{'sensor': 'humidity', 'timestamp': '270617205224.000', 'data': {'humidity': 52.180572509765625}}
{'sensor': 'pressure_temperature', 'timestamp': '270617205224.000', 'data': {'temperature': 40.375, 'altitude': 224.75, 'pressure': 98681}}
{'sensor': 'ultraviolet', 'timestamp': '270617205224.000', 'data': {'oms_risk': 'High', 'uv_index': 7.066934108734131}}
{'sensor': 'ultraviolet', 'timestamp': '270617205224.000', 'data': {'oms_risk': 'High', 'uv_index': 6.443105697631836}}
{'sensor': 'ultraviolet', 'timestamp': '270617205224.000', 'data': {'oms_risk': 'Moderate', 'uv_index': 3.5528781414031982}}
{'sensor': 'humidity', 'timestamp': '270617205224.000', 'data': {'humidity': 51.91434860229492}}
{'sensor': 'pressure_temperature', 'timestamp': '270617205224.000', 'data': {'temperature': 40.5, 'altitude': 233.3125, 'pressure': 98687}}
{'sensor': 'ultraviolet', 'timestamp': '270617205224.000', 'data': {'oms_risk': 'High', 'uv_index': 6.050869941711426}}
{'sensor': 'ultraviolet', 'timestamp': '270617205224.000', 'data': {'oms_risk': 'High', 'uv_index': 6.9250335693359375}}
{'sensor': 'humidity', 'timestamp': '270617205224.000', 'data': {'humidity': 51.55098342895508}}
{'sensor': 'pressure_temperature', 'timestamp': '270617205224.000', 'data': {'temperature': 40.75, 'altitude': 225.6875, 'pressure': 98549}}
{'sensor': 'ultraviolet', 'timestamp': '270617205224.000', 'data': {'oms_risk': 'Low', 'uv_index': 1.847389578819275}}
{'sensor': 'ultraviolet', 'timestamp': '270617205224.000', 'data': {'oms_risk': 'High', 'uv_index': 6.293172836303711}}
{'sensor': 'ultraviolet', 'timestamp': '270617205224.000', 'data': {'oms_risk': 'High', 'uv_index': 6.9303879737854}}
{'sensor': 'humidity', 'timestamp': '270617205224.000', 'data': {'humidity': 51.73488998413086}}
{'sensor': 'pressure_temperature', 'timestamp': '270617205224.000', 'data': {'temperature': 40.9375, 'altitude': 220.75, 'pressure': 98690.25}}
{'sensor': 'ultraviolet', 'timestamp': '270617205224.000', 'data': {'oms_risk': 'High', 'uv_index': 6.485943794250488}}
{'sensor': 'ultraviolet', 'timestamp': '270617205224.000', 'data': {'oms_risk': 'Moderate', 'uv_index': 3.706827163696289}}
{'sensor': 'humidity', 'timestamp': '270617205224.000', 'data': {'humidity': 51.614013671875}}
{'sensor': 'pressure_temperature', 'timestamp': '270617205224.000', 'data': {'temperature': 40.875, 'altitude': 223.6875, 'pressure': 98652.5}}
{'sensor': 'ultraviolet', 'timestamp': '270617205224.000', 'data': {'oms_risk': 'Low', 'uv_index': 1.2489960193634033}}
{'sensor': 'ultraviolet', 'timestamp': '270617205224.000', 'data': {'oms_risk': 'High', 'uv_index': 6.550200939178467}}
{'sensor': 'ultraviolet', 'timestamp': '270617205224.000', 'data': {'oms_risk': 'Moderate', 'uv_index': 5.587684154510498}}
{'sensor': 'humidity', 'timestamp': '270617205224.000', 'data': {'humidity': 50.88728332519531}}
{'sensor': 'pressure_temperature', 'timestamp': '270617205224.000', 'data': {'temperature': 40.625, 'altitude': 228.5, 'pressure': 98572}}
{'sensor': 'ultraviolet', 'timestamp': '270617205224.000', 'data': {'oms_risk': 'High', 'uv_index': 6.159303665161133}}
{'sensor': 'ultraviolet', 'timestamp': '270617205224.000', 'data': {'oms_risk': 'Low', 'uv_index': 0.834002673625946}}
{'sensor': 'humidity', 'timestamp': '270617205224.000', 'data': {'humidity': 33.88394546508789}}
{'sensor': 'pressure_temperature', 'timestamp': '270617205224.000', 'data': {'temperature': 40.5, 'altitude': 240.25, 'pressure': 98486.75}}
{'sensor': 'ultraviolet', 'timestamp': '270617205224.000', 'data': {'oms_risk': 'Low', 'uv_index': 2.650602340698242}}
{'sensor': 'ultraviolet', 'timestamp': '270617205224.000', 'data': {'oms_risk': 'Low', 'uv_index': 2.809906244277954}}
{'sensor': 'ultraviolet', 'timestamp': '270617205224.000', 'data': {'oms_risk': 'Moderate', 'uv_index': 5.951807022094727}}
{'sensor': 'humidity', 'timestamp': '270617205224.000', 'data': {'humidity': 33.771968841552734}}
{'sensor': 'pressure_temperature', 'timestamp': '270617205224.000', 'data': {'temperature': 40.625, 'altitude': 226.75, 'pressure': 98618.5}}
{'sensor': 'ultraviolet', 'timestamp': '270617205224.000', 'data': {'oms_risk': 'Moderate', 'uv_index': 3.773761749267578}}
{'sensor': 'ultraviolet', 'timestamp': '270617205224.000', 'data': {'oms_risk': 'Low', 'uv_index': 0.8902275562286377}}
{'sensor': 'humidity', 'timestamp': '270617205224.000', 'data': {'humidity': 51.539859771728516}}
{'sensor': 'pressure_temperature', 'timestamp': '270617205224.000', 'data': {'temperature': 40.5, 'altitude': 235.125, 'pressure': 98533.25}}
{'sensor': 'ultraviolet', 'timestamp': '270617205224.000', 'data': {'oms_risk': 'Moderate', 'uv_index': 3.175368070602417}}
{'sensor': 'ultraviolet', 'timestamp': '270617205224.000', 'data': {'oms_risk': 'Moderate', 'uv_index': 3.2342703342437744}}
{'sensor': 'ultraviolet', 'timestamp': '270617205224.000', 'data': {'oms_risk': 'Low', 'uv_index': 1.0093708038330078}}
{'sensor': 'humidity', 'timestamp': '270617205224.000', 'data': {'humidity': 51.25880432128906}}
{'sensor': 'pressure_temperature', 'timestamp': '270617205224.000', 'data': {'temperature': 40.5, 'altitude': 239.3125, 'pressure': 98493.25}}
{'sensor': 'ultraviolet', 'timestamp': '270617205224.000', 'data': {'oms_risk': 'Low', 'uv_index': 2.06693434715271}}
{'sensor': 'ultraviolet', 'timestamp': '270617205224.000', 'data': {'oms_risk': 'Low', 'uv_index': 1.894243597984314}}
{'sensor': 'humidity', 'timestamp': '270617205224.000', 'data': {'humidity': 51.87504577636719}}
{'sensor': 'pressure_temperature', 'timestamp': '270617205224.000', 'data': {'temperature': 40.4375, 'altitude': 240.5625, 'pressure': 98473}}
{'sensor': 'ultraviolet', 'timestamp': '270617205224.000', 'data': {'oms_risk': 'Low', 'uv_index': 0.6412315964698792}}
{'sensor': 'ultraviolet', 'timestamp': '270617205224.000', 'data': {'oms_risk': 'Moderate', 'uv_index': 4.483266353607178}}
{'sensor': 'ultraviolet', 'timestamp': '270617205224.000', 'data': {'oms_risk': 'Moderate', 'uv_index': 4.859437942504883}}
{'sensor': 'humidity', 'timestamp': '270617205224.000', 'data': {'humidity': 51.552467346191406}}
{'sensor': 'pressure_temperature', 'timestamp': '270617205224.000', 'data': {'temperature': 40.3125, 'altitude': 238.25, 'pressure': 98486.75}}
{'sensor': 'ultraviolet', 'timestamp': '270617205224.000', 'data': {'oms_risk': 'Low', 'uv_index': 0.8259705305099487}}
{'sensor': 'ultraviolet', 'timestamp': '270617205224.000', 'data': {'oms_risk': 'Low', 'uv_index': 0.7041499018669128}}
{'sensor': 'humidity', 'timestamp': '270617205224.000', 'data': {'humidity': 33.65702819824219}}
{'sensor': 'pressure_temperature', 'timestamp': '270617205224.000', 'data': {'temperature': 39.875, 'altitude': 232.625, 'pressure': 98508.75}}
{'sensor': 'ultraviolet', 'timestamp': '270617205224.000', 'data': {'oms_risk': 'Moderate', 'uv_index': 5.678714752197266}}
{'sensor': 'ultraviolet', 'timestamp': '270617205224.000', 'data': {'oms_risk': 'Low', 'uv_index': 2.092369556427002}}
{'sensor': 'ultraviolet', 'timestamp': '270617205224.000', 'data': {'oms_risk': 'Moderate', 'uv_index': 5.775100231170654}}
{'sensor': 'humidity', 'timestamp': '270617205224.000', 'data': {'humidity': 51.20466995239258}}
{'sensor': 'pressure_temperature', 'timestamp': '270617205224.000', 'data': {'temperature': 40.0625, 'altitude': 230.75, 'pressure': 98577}}
{'sensor': 'ultraviolet', 'timestamp': '270617205224.000', 'data': {'oms_risk': 'High', 'uv_index': 6.0642571449279785}}
{'sensor': 'ultraviolet', 'timestamp': '270617205224.000', 'data': {'oms_risk': 'Moderate', 'uv_index': 4.477911472320557}}
{'sensor': 'humidity', 'timestamp': '270617205224.000', 'data': {'humidity': 50.779754638671875}}
{'sensor': 'pressure_temperature', 'timestamp': '270617205224.000', 'data': {'temperature': 39.875, 'altitude': 240.0625, 'pressure': 98464.75}}
{'sensor': 'ultraviolet', 'timestamp': '270617205224.000', 'data': {'oms_risk': 'Low', 'uv_index': 1.7764390707015991}}
{'sensor': 'ultraviolet', 'timestamp': '270617205224.000', 'data': {'oms_risk': 'Low', 'uv_index': 0.5461847186088562}}
{'sensor': 'ultraviolet', 'timestamp': '270617205224.000', 'data': {'oms_risk': 'Moderate', 'uv_index': 3.040160655975342}}
{'sensor': 'humidity', 'timestamp': '270617205224.000', 'data': {'humidity': 31.175750732421875}}
{'sensor': 'pressure_temperature', 'timestamp': '270617205224.000', 'data': {'temperature': 39.5625, 'altitude': 232.125, 'pressure': 98512}}
{'sensor': 'ultraviolet', 'timestamp': '270617205224.000', 'data': {'oms_risk': 'Low', 'uv_index': 0.623828649520874}}
{'sensor': 'ultraviolet', 'timestamp': '270617205224.000', 'data': {'oms_risk': 'Low', 'uv_index': 0.44846051931381226}}
{'sensor': 'humidity', 'timestamp': '270617205224.000', 'data': {'humidity': 30.753801345825195}}
{'sensor': 'pressure_temperature', 'timestamp': '270617205224.000', 'data': {'temperature': 39.25, 'altitude': 237.125, 'pressure': 98502.75}}
{'sensor': 'ultraviolet', 'timestamp': '270617205224.000', 'data': {'oms_risk': 'Low', 'uv_index': 0.44042837619781494}}
{'sensor': 'ultraviolet', 'timestamp': '270617205224.000', 'data': {'oms_risk': 'Low', 'uv_index': 0.8969210386276245}}
{'sensor': 'ultraviolet', 'timestamp': '270617205224.000', 'data': {'oms_risk': 'Moderate', 'uv_index': 4.718875408172607}}
{'sensor': 'humidity', 'timestamp': '270617205224.000', 'data': {'humidity': 31.853540420532227}}
{'sensor': 'pressure_temperature', 'timestamp': '270617205224.000', 'data': {'temperature': 39.0625, 'altitude': 227, 'pressure': 98537.5}}
{'sensor': 'ultraviolet', 'timestamp': '270617205224.000', 'data': {'oms_risk': 'Low', 'uv_index': 0.7563587427139282}}
{'sensor': 'ultraviolet', 'timestamp': '270617205224.000', 'data': {'oms_risk': 'High', 'uv_index': 6.902275562286377}}
{'sensor': 'humidity', 'timestamp': '270617205224.000', 'data': {'humidity': 52.200592041015625}}
{'sensor': 'pressure_temperature', 'timestamp': '270617205224.000', 'data': {'temperature': 39.3125, 'altitude': 226.3125, 'pressure': 98640.25}}
{'sensor': 'ultraviolet', 'timestamp': '270617205224.000', 'data': {'oms_risk': 'High', 'uv_index': 6.459169864654541}}
{'sensor': 'ultraviolet', 'timestamp': '270617205224.000', 'data': {'oms_risk': 'High', 'uv_index': 6.685408115386963}}
{'sensor': 'ultraviolet', 'timestamp': '270617205224.000', 'data': {'oms_risk': 'Low', 'uv_index': 0.9638553857803345}}
{'sensor': 'humidity', 'timestamp': '270617205224.000', 'data': {'humidity': 52.49944305419922}}
{'sensor': 'pressure_temperature', 'timestamp': '270617205224.000', 'data': {'temperature': 39.5, 'altitude': 244.0625, 'pressure': 98427.75}}
{'sensor': 'ultraviolet', 'timestamp': '270617205224.000', 'data': {'oms_risk': 'Low', 'uv_index': 0.8634538054466248}}
{'sensor': 'ultraviolet', 'timestamp': '270617205224.000', 'data': {'oms_risk': 'Low', 'uv_index': 0.42704150080680847}}
{'sensor': 'humidity', 'timestamp': '270617205224.000', 'data': {'humidity': 33.95216751098633}}
{'sensor': 'pressure_temperature', 'timestamp': '270617205224.000', 'data': {'temperature': 39.1875, 'altitude': 242.9375, 'pressure': 98432.75}}
{'sensor': 'ultraviolet', 'timestamp': '270617205224.000', 'data': {'oms_risk': 'Low', 'uv_index': 0.25970548391342163}}
{'sensor': 'ultraviolet', 'timestamp': '270617205224.000', 'data': {'oms_risk': 'Low', 'uv_index': 0.32931727170944214}}
{'sensor': 'ultraviolet', 'timestamp': '270617205224.000', 'data': {'oms_risk': 'Low', 'uv_index': 0.2423025369644165}}
{'sensor': 'humidity', 'timestamp': '270617205224.000', 'data': {'humidity': 32.7434196472168}}
{'sensor': 'pressure_temperature', 'timestamp': '270617205224.000', 'data': {'temperature': 39, 'altitude': 244.5625, 'pressure': 98415}}
{'sensor': 'ultraviolet', 'timestamp': '270617205224.000', 'data': {'oms_risk': 'Low', 'uv_index': 0.3105756342411041}}
{'sensor': 'ultraviolet', 'timestamp': '270617205224.000', 'data': {'oms_risk': 'Low', 'uv_index': 0.28647923469543457}}
{'sensor': 'humidity', 'timestamp': '270617205224.000', 'data': {'humidity': 32.799034118652344}}
{'sensor': 'pressure_temperature', 'timestamp': '270617205224.000', 'data': {'temperature': 38.8125, 'altitude': 244.625, 'pressure': 98414}}
{'sensor': 'ultraviolet', 'timestamp': '270617205224.000', 'data': {'oms_risk': 'Low', 'uv_index': 0.2811245024204254}}
{'sensor': 'ultraviolet', 'timestamp': '270617205224.000', 'data': {'oms_risk': 'Low', 'uv_index': 0.46050870418548584}}
{'sensor': 'ultraviolet', 'timestamp': '270617205224.000', 'data': {'oms_risk': 'Low', 'uv_index': 0.19009371101856232}}
{'sensor': 'humidity', 'timestamp': '270617205224.000', 'data': {'humidity': 32.86206817626953}}
{'sensor': 'pressure_temperature', 'timestamp': '270617205224.000', 'data': {'temperature': 38.6875, 'altitude': 244.3125, 'pressure': 98420.5}}
{'sensor': 'ultraviolet', 'timestamp': '270617205224.000', 'data': {'oms_risk': 'Low', 'uv_index': 0.2329317182302475}}
{'sensor': 'ultraviolet', 'timestamp': '270617205224.000', 'data': {'oms_risk': 'Low', 'uv_index': 0.20883533358573914}}
{'sensor': 'humidity', 'timestamp': '270617205224.000', 'data': {'humidity': 31.175750732421875}}
{'sensor': 'pressure_temperature', 'timestamp': '270617205224.000', 'data': {'temperature': 38.5, 'altitude': 246.25, 'pressure': 98399.5}}
{'sensor': 'ultraviolet', 'timestamp': '270617205224.000', 'data': {'oms_risk': 'Low', 'uv_index': 0.49129852652549744}}
{'sensor': 'ultraviolet', 'timestamp': '270617205224.000', 'data': {'oms_risk': 'Low', 'uv_index': 0.24899597465991974}}
{'sensor': 'ultraviolet', 'timestamp': '270617205224.000', 'data': {'oms_risk': 'Low', 'uv_index': 0.38821953535079956}}
{'sensor': 'humidity', 'timestamp': '270617205224.000', 'data': {'humidity': 31.438264846801758}}
{'sensor': 'pressure_temperature', 'timestamp': '270617205224.000', 'data': {'temperature': 38.4375, 'altitude': 246.25, 'pressure': 98408.75}}
{'sensor': 'ultraviolet', 'timestamp': '270617205224.000', 'data': {'oms_risk': 'Low', 'uv_index': 0.27710843086242676}}
{'sensor': 'ultraviolet', 'timestamp': '270617205224.000', 'data': {'oms_risk': 'Low', 'uv_index': 0.3842034637928009}}
{'sensor': 'humidity', 'timestamp': '270617205224.000', 'data': {'humidity': 32.39488220214844}}
{'sensor': 'pressure_temperature', 'timestamp': '270617205224.000', 'data': {'temperature': 38.3125, 'altitude': 246.4375, 'pressure': 98396}}
{'sensor': 'ultraviolet', 'timestamp': '270617205224.000', 'data': {'oms_risk': 'Low', 'uv_index': 0.2436412274837494}}
{'sensor': 'ultraviolet', 'timestamp': '270617205224.000', 'data': {'oms_risk': 'Low', 'uv_index': 0.5475234389305115}}
{'sensor': 'ultraviolet', 'timestamp': '270617205224.000', 'data': {'oms_risk': 'Low', 'uv_index': 0.28781792521476746}}
{'sensor': 'humidity', 'timestamp': '270617205224.000', 'data': {'humidity': 32.470523834228516}}
{'sensor': 'pressure_temperature', 'timestamp': '270617205224.000', 'data': {'temperature': 38.1875, 'altitude': 247.6875, 'pressure': 98379.75}}
{'sensor': 'ultraviolet', 'timestamp': '270617205224.000', 'data': {'oms_risk': 'Low', 'uv_index': 0.44979918003082275}}
{'sensor': 'ultraviolet', 'timestamp': '270617205224.000', 'data': {'oms_risk': 'Low', 'uv_index': 0.34805890917778015}}
{'sensor': 'humidity', 'timestamp': '270617205224.000', 'data': {'humidity': 31.763811111450195}}
{'sensor': 'pressure_temperature', 'timestamp': '270617205224.000', 'data': {'temperature': 38.0625, 'altitude': 249.5625, 'pressure': 98365.5}}
{'sensor': 'ultraviolet', 'timestamp': '270617205224.000', 'data': {'oms_risk': 'Low', 'uv_index': 0.42168673872947693}}
{'sensor': 'ultraviolet', 'timestamp': '270617205224.000', 'data': {'oms_risk': 'Low', 'uv_index': 1.2302542924880981}}
{'sensor': 'ultraviolet', 'timestamp': '270617205224.000', 'data': {'oms_risk': 'Low', 'uv_index': 2.995983839035034}}
{'sensor': 'humidity', 'timestamp': '270617205224.000', 'data': {'humidity': 30.456432342529297}}
{'sensor': 'pressure_temperature', 'timestamp': '270617205224.000', 'data': {'temperature': 38, 'altitude': 247.125, 'pressure': 98374.25}}
{'sensor': 'ultraviolet', 'timestamp': '270617205224.000', 'data': {'oms_risk': 'Low', 'uv_index': 1.7617135047912598}}
{'sensor': 'ultraviolet', 'timestamp': '270617205224.000', 'data': {'oms_risk': 'Low', 'uv_index': 1.9772422313690186}}
{'sensor': 'humidity', 'timestamp': '270617205224.000', 'data': {'humidity': 35.62662124633789}}
{'sensor': 'pressure_temperature', 'timestamp': '270617205224.000', 'data': {'temperature': 37.6875, 'altitude': 251.5625, 'pressure': 98340.75}}
{'sensor': 'ultraviolet', 'timestamp': '270617205224.000', 'data': {'oms_risk': 'Low', 'uv_index': 1.9772422313690186}}
{'sensor': 'ultraviolet', 'timestamp': '270617205224.000', 'data': {'oms_risk': 'Low', 'uv_index': 2.1325302124023438}}
{'sensor': 'ultraviolet', 'timestamp': '270617205224.000', 'data': {'oms_risk': 'Low', 'uv_index': 1.131191372871399}}
{'sensor': 'humidity', 'timestamp': '270617205224.000', 'data': {'humidity': 38.18946838378906}}
{'sensor': 'pressure_temperature', 'timestamp': '270617205224.000', 'data': {'temperature': 37.6875, 'altitude': 253.6875, 'pressure': 98317.75}}
{'sensor': 'ultraviolet', 'timestamp': '270617205224.000', 'data': {'oms_risk': 'Low', 'uv_index': 0.7028112411499023}}
{'sensor': 'ultraviolet', 'timestamp': '270617205224.000', 'data': {'oms_risk': 'Low', 'uv_index': 0.6599732041358948}}
{'sensor': 'humidity', 'timestamp': '270617205224.000', 'data': {'humidity': 30.715238571166992}}
{'sensor': 'pressure_temperature', 'timestamp': '270617205224.000', 'data': {'temperature': 37.6875, 'altitude': 251.875, 'pressure': 98334.75}}
{'sensor': 'ultraviolet', 'timestamp': '270617205224.000', 'data': {'oms_risk': 'Low', 'uv_index': 0.7228915691375732}}
{'sensor': 'ultraviolet', 'timestamp': '270617205224.000', 'data': {'oms_risk': 'Low', 'uv_index': 0.7858098745346069}}
{'sensor': 'ultraviolet', 'timestamp': '270617205224.000', 'data': {'oms_risk': 'Low', 'uv_index': 0.8955823183059692}}
{'sensor': 'humidity', 'timestamp': '270617205224.000', 'data': {'humidity': 31.020021438598633}}
{'sensor': 'pressure_temperature', 'timestamp': '270617205224.000', 'data': {'temperature': 37.6875, 'altitude': 252.8125, 'pressure': 98313.5}}
{'sensor': 'ultraviolet', 'timestamp': '270617205224.000', 'data': {'oms_risk': 'Low', 'uv_index': 0.8634538054466248}}
{'sensor': 'ultraviolet', 'timestamp': '270617205224.000', 'data': {'oms_risk': 'Low', 'uv_index': 0.9906291961669922}}
{'sensor': 'humidity', 'timestamp': '270617205224.000', 'data': {'humidity': 30.575824737548828}}
{'sensor': 'pressure_temperature', 'timestamp': '270617205224.000', 'data': {'temperature': 37.6875, 'altitude': 254.0625, 'pressure': 98315}}
{'sensor': 'ultraviolet', 'timestamp': '270617205224.000', 'data': {'oms_risk': 'Low', 'uv_index': 0.7148594260215759}}
{'sensor': 'ultraviolet', 'timestamp': '270617205224.000', 'data': {'oms_risk': 'Low', 'uv_index': 0.37751004099845886}}
{'sensor': 'ultraviolet', 'timestamp': '270617205224.000', 'data': {'oms_risk': 'Low', 'uv_index': 0.5060240626335144}}
{'sensor': 'pressure_temperature', 'timestamp': '270617205224.000', 'data': {'temperature': 37.625, 'altitude': 252.625, 'pressure': 98331.75}}
{'sensor': 'humidity', 'timestamp': '270617205224.000', 'data': {'humidity': 30.196144104003906}}
{'sensor': 'ultraviolet', 'timestamp': '270617205224.000', 'data': {'oms_risk': 'Low', 'uv_index': 0.6091030836105347}}
{'sensor': 'ultraviolet', 'timestamp': '270617205224.000', 'data': {'oms_risk': 'Low', 'uv_index': 0.6091030836105347}}
{'sensor': 'humidity', 'timestamp': '270617205224.000', 'data': {'humidity': 30.408231735229492}}
{'sensor': 'pressure_temperature', 'timestamp': '270617205224.000', 'data': {'temperature': 37.6875, 'altitude': 253.5, 'pressure': 98313.75}}
{'sensor': 'ultraviolet', 'timestamp': '270617205224.000', 'data': {'oms_risk': 'Low', 'uv_index': 0.79651939868927}}
{'sensor': 'ultraviolet', 'timestamp': '270617205224.000', 'data': {'oms_risk': 'Low', 'uv_index': 0.9477911591529846}}
{'sensor': 'ultraviolet', 'timestamp': '270617205224.000', 'data': {'oms_risk': 'Low', 'uv_index': 1.0374832153320312}}
{'sensor': 'humidity', 'timestamp': '270617205224.000', 'data': {'humidity': 29.94994354248047}}
{'sensor': 'pressure_temperature', 'timestamp': '270617205224.000', 'data': {'temperature': 37.625, 'altitude': 256.125, 'pressure': 98286.5}}
{'sensor': 'ultraviolet', 'timestamp': '270617205224.000', 'data': {'oms_risk': 'Low', 'uv_index': 1.0896921157836914}}
{'sensor': 'ultraviolet', 'timestamp': '270617205224.000', 'data': {'oms_risk': 'Low', 'uv_index': 1.0655957460403442}}
{'sensor': 'humidity', 'timestamp': '270617205224.000', 'data': {'humidity': 30.208009719848633}}
{'sensor': 'pressure_temperature', 'timestamp': '270617205224.000', 'data': {'temperature': 37.625, 'altitude': 256.5625, 'pressure': 98278.25}}
{'sensor': 'ultraviolet', 'timestamp': '270617205224.000', 'data': {'oms_risk': 'Low', 'uv_index': 1.074966549873352}}
{'sensor': 'ultraviolet', 'timestamp': '270617205224.000', 'data': {'oms_risk': 'Low', 'uv_index': 1.0896921157836914}}
{'sensor': 'ultraviolet', 'timestamp': '270617205224.000', 'data': {'oms_risk': 'Low', 'uv_index': 1.1124497652053833}}
{'sensor': 'humidity', 'timestamp': '270617205224.000', 'data': {'humidity': 30.1093807220459}}
{'sensor': 'pressure_temperature', 'timestamp': '270617205224.000', 'data': {'temperature': 37.5, 'altitude': 257.125, 'pressure': 98268.75}}
{'sensor': 'ultraviolet', 'timestamp': '270617205224.000', 'data': {'oms_risk': 'Low', 'uv_index': 1.111111044883728}}
{'sensor': 'ultraviolet', 'timestamp': '270617205224.000', 'data': {'oms_risk': 'Low', 'uv_index': 1.0856760740280151}}
{'sensor': 'humidity', 'timestamp': '270617205224.000', 'data': {'humidity': 30.098257064819336}}
{'sensor': 'pressure_temperature', 'timestamp': '270617205224.000', 'data': {'temperature': 37.4375, 'altitude': 257.375, 'pressure': 98271.75}}
{'sensor': 'ultraviolet', 'timestamp': '270617205224.000', 'data': {'oms_risk': 'Low', 'uv_index': 1.1271753311157227}}
{'sensor': 'ultraviolet', 'timestamp': '270617205224.000', 'data': {'oms_risk': 'Low', 'uv_index': 1.1740294694900513}}
{'sensor': 'ultraviolet', 'timestamp': '270617205224.000', 'data': {'oms_risk': 'Low', 'uv_index': 1.1820615530014038}}
{'sensor': 'humidity', 'timestamp': '270617205224.000', 'data': {'humidity': 30.063404083251953}}
{'sensor': 'pressure_temperature', 'timestamp': '270617205224.000', 'data': {'temperature': 37.375, 'altitude': 257.875, 'pressure': 98265}}
{'sensor': 'ultraviolet', 'timestamp': '270617205224.000', 'data': {'oms_risk': 'Low', 'uv_index': 1.1512717008590698}}
{'sensor': 'ultraviolet', 'timestamp': '270617205224.000', 'data': {'oms_risk': 'Low', 'uv_index': 1.0856760740280151}}
{'sensor': 'humidity', 'timestamp': '270617205224.000', 'data': {'humidity': 30.38005256652832}}
{'sensor': 'pressure_temperature', 'timestamp': '270617205224.000', 'data': {'temperature': 37.3125, 'altitude': 257, 'pressure': 98283}}
{'sensor': 'ultraviolet', 'timestamp': '270617205224.000', 'data': {'oms_risk': 'Low', 'uv_index': 0.8500669002532959}}
{'sensor': 'ultraviolet', 'timestamp': '270617205224.000', 'data': {'oms_risk': 'Low', 'uv_index': 0.9210174083709717}}
{'sensor': 'ultraviolet', 'timestamp': '270617205224.000', 'data': {'oms_risk': 'Low', 'uv_index': 0.41900935769081116}}
{'sensor': 'humidity', 'timestamp': '270617205224.000', 'data': {'humidity': 31.3070068359375}}
{'sensor': 'pressure_temperature', 'timestamp': '270617205224.000', 'data': {'temperature': 37.3125, 'altitude': 255.625, 'pressure': 98291.5}}
{'sensor': 'ultraviolet', 'timestamp': '270617205224.000', 'data': {'oms_risk': 'Low', 'uv_index': 0.3520749509334564}}
{'sensor': 'ultraviolet', 'timestamp': '270617205224.000', 'data': {'oms_risk': 'Low', 'uv_index': 0.19812583923339844}}
{'sensor': 'humidity', 'timestamp': '270617205224.000', 'data': {'humidity': 31.09343719482422}}
{'sensor': 'pressure_temperature', 'timestamp': '270617205224.000', 'data': {'temperature': 37.25, 'altitude': 256.5625, 'pressure': 98282.5}}
{'sensor': 'ultraviolet', 'timestamp': '270617205224.000', 'data': {'oms_risk': 'Low', 'uv_index': 0.20883533358573914}}
{'sensor': 'ultraviolet', 'timestamp': '270617205224.000', 'data': {'oms_risk': 'Low', 'uv_index': 0.21017402410507202}}
{'sensor': 'ultraviolet', 'timestamp': '270617205224.000', 'data': {'oms_risk': 'Low', 'uv_index': 0.15528781712055206}}
{'sensor': 'humidity', 'timestamp': '270617205224.000', 'data': {'humidity': 30.126436233520508}}
{'sensor': 'pressure_temperature', 'timestamp': '270617205224.000', 'data': {'temperature': 37.1875, 'altitude': 257.625, 'pressure': 98266.5}}
{'sensor': 'ultraviolet', 'timestamp': '270617205224.000', 'data': {'oms_risk': 'Low', 'uv_index': 0.24497991800308228}}
{'sensor': 'ultraviolet', 'timestamp': '270617205224.000', 'data': {'oms_risk': 'Low', 'uv_index': 0.27710843086242676}}
{'sensor': 'humidity', 'timestamp': '270617205224.000', 'data': {'humidity': 29.936595916748047}}
{'sensor': 'pressure_temperature', 'timestamp': '270617205224.000', 'data': {'temperature': 37.1875, 'altitude': 256.875, 'pressure': 98278.5}}
{'sensor': 'ultraviolet', 'timestamp': '270617205224.000', 'data': {'oms_risk': 'Low', 'uv_index': 0.3145917057991028}}
{'sensor': 'ultraviolet', 'timestamp': '270617205224.000', 'data': {'oms_risk': 'Low', 'uv_index': 0.2730923593044281}}
{'sensor': 'ultraviolet', 'timestamp': '270617205224.000', 'data': {'oms_risk': 'Low', 'uv_index': 0.25702810287475586}}
{'sensor': 'humidity', 'timestamp': '270617205224.000', 'data': {'humidity': 30.31627655029297}}
{'sensor': 'pressure_temperature', 'timestamp': '270617205224.000', 'data': {'temperature': 37.1875, 'altitude': 256.9375, 'pressure': 98282.75}}
                                                                                                                                                                                                                                                                                                                                                                                                                                                                                                                                                                                                                                                                                                                                                                                                                                                                                                                                                                                                                                                                                                                                                                                                                                                                                                                                                                                                                                                                                                                                                                                                                                                                                                                                                                                                                                                                                                                                                                                                                                                                                                                                                                                                                                                                                                                                                                                                                                                                                                                                                                                                                                                                                                                                                     